Determining if the pthread_create exist failed with the following output:
Change Dir: /home/abhijeet/jobs/udemy_ros/project1/build/CMakeFiles/CMakeTmp

Run Build Command:"/usr/bin/make" "cmTC_72634/fast"
/usr/bin/make -f CMakeFiles/cmTC_72634.dir/build.make CMakeFiles/cmTC_72634.dir/build
make[1]: Entering directory '/home/abhijeet/jobs/udemy_ros/project1/build/CMakeFiles/CMakeTmp'
Building C object CMakeFiles/cmTC_72634.dir/CheckSymbolExists.c.o
/usr/bin/cc     -o CMakeFiles/cmTC_72634.dir/CheckSymbolExists.c.o   -c /home/abhijeet/jobs/udemy_ros/project1/build/CMakeFiles/CMakeTmp/CheckSymbolExists.c
Linking C executable cmTC_72634
/usr/bin/cmake -E cmake_link_script CMakeFiles/cmTC_72634.dir/link.txt --verbose=1
/usr/bin/cc       CMakeFiles/cmTC_72634.dir/CheckSymbolExists.c.o  -o cmTC_72634 -rdynamic 
CMakeFiles/cmTC_72634.dir/CheckSymbolExists.c.o: In function `main':
CheckSymbolExists.c:(.text+0x16): undefined reference to `pthread_create'
collect2: error: ld returned 1 exit status
CMakeFiles/cmTC_72634.dir/build.make:97: recipe for target 'cmTC_72634' failed
make[1]: *** [cmTC_72634] Error 1
make[1]: Leaving directory '/home/abhijeet/jobs/udemy_ros/project1/build/CMakeFiles/CMakeTmp'
Makefile:126: recipe for target 'cmTC_72634/fast' failed
make: *** [cmTC_72634/fast] Error 2

File /home/abhijeet/jobs/udemy_ros/project1/build/CMakeFiles/CMakeTmp/CheckSymbolExists.c:
/* */
#include <pthread.h>

int main(int argc, char** argv)
{
  (void)argv;
#ifndef pthread_create
  return ((int*)(&pthread_create))[argc];
#else
  (void)argc;
  return 0;
#endif
}

Determining if the function pthread_create exists in the pthreads failed with the following output:
Change Dir: /home/abhijeet/jobs/udemy_ros/project1/build/CMakeFiles/CMakeTmp

Run Build Command:"/usr/bin/make" "cmTC_927c5/fast"
/usr/bin/make -f CMakeFiles/cmTC_927c5.dir/build.make CMakeFiles/cmTC_927c5.dir/build
make[1]: Entering directory '/home/abhijeet/jobs/udemy_ros/project1/build/CMakeFiles/CMakeTmp'
Building C object CMakeFiles/cmTC_927c5.dir/CheckFunctionExists.c.o
/usr/bin/cc    -DCHECK_FUNCTION_EXISTS=pthread_create   -o CMakeFiles/cmTC_927c5.dir/CheckFunctionExists.c.o   -c /usr/share/cmake-3.5/Modules/CheckFunctionExists.c
Linking C executable cmTC_927c5
/usr/bin/cmake -E cmake_link_script CMakeFiles/cmTC_927c5.dir/link.txt --verbose=1
/usr/bin/cc   -DCHECK_FUNCTION_EXISTS=pthread_create    CMakeFiles/cmTC_927c5.dir/CheckFunctionExists.c.o  -o cmTC_927c5 -rdynamic -lpthreads 
/usr/bin/ld: cannot find -lpthreads
collect2: error: ld returned 1 exit status
CMakeFiles/cmTC_927c5.dir/build.make:97: recipe for target 'cmTC_927c5' failed
make[1]: *** [cmTC_927c5] Error 1
make[1]: Leaving directory '/home/abhijeet/jobs/udemy_ros/project1/build/CMakeFiles/CMakeTmp'
Makefile:126: recipe for target 'cmTC_927c5/fast' failed
make: *** [cmTC_927c5/fast] Error 2


